<?xml version="1.0" encoding="UTF-8" standalone="no"?>
<!DOCTYPE report PUBLIC "-//JACOCO//DTD Report 1.1//EN" "report.dtd"[]>
<report name="Pester (05/19/2026 05:18:57)">
  <sessioninfo id="this" start="1779167933426" dump="1779167937857" />
  <package name="TU-ACME/Public">
    <class name="TU-ACME/Public/Start-TUACME" sourcefilename="Public/Start-TUACME.ps1">
      <method name="Start-TUACME" desc="()" line="10">
        <counter type="INSTRUCTION" missed="40" covered="0" />
        <counter type="LINE" missed="37" covered="0" />
        <counter type="METHOD" missed="1" covered="0" />
      </method>
      <counter type="INSTRUCTION" missed="40" covered="0" />
      <counter type="LINE" missed="37" covered="0" />
      <counter type="METHOD" missed="1" covered="0" />
      <counter type="CLASS" missed="1" covered="0" />
    </class>
    <sourcefile name="Public/Start-TUACME.ps1">
      <line nr="10" mi="2" ci="0" mb="0" cb="0" />
      <line nr="11" mi="1" ci="0" mb="0" cb="0" />
      <line nr="12" mi="1" ci="0" mb="0" cb="0" />
      <line nr="13" mi="1" ci="0" mb="0" cb="0" />
      <line nr="14" mi="1" ci="0" mb="0" cb="0" />
      <line nr="19" mi="1" ci="0" mb="0" cb="0" />
      <line nr="22" mi="1" ci="0" mb="0" cb="0" />
      <line nr="23" mi="2" ci="0" mb="0" cb="0" />
      <line nr="24" mi="2" ci="0" mb="0" cb="0" />
      <line nr="28" mi="1" ci="0" mb="0" cb="0" />
      <line nr="29" mi="1" ci="0" mb="0" cb="0" />
      <line nr="33" mi="1" ci="0" mb="0" cb="0" />
      <line nr="34" mi="1" ci="0" mb="0" cb="0" />
      <line nr="35" mi="1" ci="0" mb="0" cb="0" />
      <line nr="36" mi="1" ci="0" mb="0" cb="0" />
      <line nr="38" mi="1" ci="0" mb="0" cb="0" />
      <line nr="39" mi="1" ci="0" mb="0" cb="0" />
      <line nr="49" mi="1" ci="0" mb="0" cb="0" />
      <line nr="51" mi="1" ci="0" mb="0" cb="0" />
      <line nr="54" mi="1" ci="0" mb="0" cb="0" />
      <line nr="58" mi="1" ci="0" mb="0" cb="0" />
      <line nr="60" mi="1" ci="0" mb="0" cb="0" />
      <line nr="61" mi="1" ci="0" mb="0" cb="0" />
      <line nr="62" mi="1" ci="0" mb="0" cb="0" />
      <line nr="64" mi="1" ci="0" mb="0" cb="0" />
      <line nr="65" mi="1" ci="0" mb="0" cb="0" />
      <line nr="66" mi="1" ci="0" mb="0" cb="0" />
      <line nr="68" mi="1" ci="0" mb="0" cb="0" />
      <line nr="71" mi="1" ci="0" mb="0" cb="0" />
      <line nr="73" mi="1" ci="0" mb="0" cb="0" />
      <line nr="74" mi="1" ci="0" mb="0" cb="0" />
      <line nr="75" mi="1" ci="0" mb="0" cb="0" />
      <line nr="77" mi="1" ci="0" mb="0" cb="0" />
      <line nr="80" mi="1" ci="0" mb="0" cb="0" />
      <line nr="81" mi="1" ci="0" mb="0" cb="0" />
      <line nr="85" mi="1" ci="0" mb="0" cb="0" />
      <line nr="86" mi="1" ci="0" mb="0" cb="0" />
      <counter type="INSTRUCTION" missed="40" covered="0" />
      <counter type="LINE" missed="37" covered="0" />
      <counter type="METHOD" missed="1" covered="0" />
      <counter type="CLASS" missed="1" covered="0" />
    </sourcefile>
    <counter type="INSTRUCTION" missed="40" covered="0" />
    <counter type="LINE" missed="37" covered="0" />
    <counter type="METHOD" missed="1" covered="0" />
    <counter type="CLASS" missed="1" covered="0" />
  </package>
  <package name="TU-ACME/Scripts">
    <class name="TU-ACME/Scripts/Invoke-RenewalBackground" sourcefilename="Scripts/Invoke-RenewalBackground.ps1">
      <method name="&lt;script&gt;" desc="()" line="8">
        <counter type="INSTRUCTION" missed="25" covered="0" />
        <counter type="LINE" missed="19" covered="0" />
        <counter type="METHOD" missed="1" covered="0" />
      </method>
      <method name="Write-Log" desc="()" line="16">
        <counter type="INSTRUCTION" missed="3" covered="0" />
        <counter type="LINE" missed="3" covered="0" />
        <counter type="METHOD" missed="1" covered="0" />
      </method>
      <method name="Get-Config" desc="()" line="25">
        <counter type="INSTRUCTION" missed="5" covered="0" />
        <counter type="LINE" missed="4" covered="0" />
        <counter type="METHOD" missed="1" covered="0" />
      </method>
      <method name="Send-ErrorMail" desc="()" line="35">
        <counter type="INSTRUCTION" missed="21" covered="0" />
        <counter type="LINE" missed="20" covered="0" />
        <counter type="METHOD" missed="1" covered="0" />
      </method>
      <counter type="INSTRUCTION" missed="54" covered="0" />
      <counter type="LINE" missed="46" covered="0" />
      <counter type="METHOD" missed="4" covered="0" />
      <counter type="CLASS" missed="1" covered="0" />
    </class>
    <class name="TU-ACME/Scripts/Posh-ACME-IIS-Plugin" sourcefilename="Scripts/Posh-ACME-IIS-Plugin.ps1">
      <method name="&lt;script&gt;" desc="()" line="21">
        <counter type="INSTRUCTION" missed="35" covered="0" />
        <counter type="LINE" missed="28" covered="0" />
        <counter type="METHOD" missed="1" covered="0" />
      </method>
      <method name="Write-IISLog" desc="()" line="31">
        <counter type="INSTRUCTION" missed="3" covered="0" />
        <counter type="LINE" missed="3" covered="0" />
        <counter type="METHOD" missed="1" covered="0" />
      </method>
      <counter type="INSTRUCTION" missed="38" covered="0" />
      <counter type="LINE" missed="31" covered="0" />
      <counter type="METHOD" missed="2" covered="0" />
      <counter type="CLASS" missed="1" covered="0" />
    </class>
    <sourcefile name="Scripts/Invoke-RenewalBackground.ps1">
      <line nr="8" mi="1" ci="0" mb="0" cb="0" />
      <line nr="9" mi="1" ci="0" mb="0" cb="0" />
      <line nr="10" mi="1" ci="0" mb="0" cb="0" />
      <line nr="11" mi="1" ci="0" mb="0" cb="0" />
      <line nr="16" mi="1" ci="0" mb="0" cb="0" />
      <line nr="17" mi="1" ci="0" mb="0" cb="0" />
      <line nr="19" mi="1" ci="0" mb="0" cb="0" />
      <line nr="25" mi="1" ci="0" mb="0" cb="0" />
      <line nr="26" mi="1" ci="0" mb="0" cb="0" />
      <line nr="27" mi="2" ci="0" mb="0" cb="0" />
      <line nr="29" mi="1" ci="0" mb="0" cb="0" />
      <line nr="35" mi="1" ci="0" mb="0" cb="0" />
      <line nr="36" mi="1" ci="0" mb="0" cb="0" />
      <line nr="38" mi="1" ci="0" mb="0" cb="0" />
      <line nr="39" mi="1" ci="0" mb="0" cb="0" />
      <line nr="40" mi="1" ci="0" mb="0" cb="0" />
      <line nr="41" mi="1" ci="0" mb="0" cb="0" />
      <line nr="54" mi="1" ci="0" mb="0" cb="0" />
      <line nr="55" mi="1" ci="0" mb="0" cb="0" />
      <line nr="56" mi="1" ci="0" mb="0" cb="0" />
      <line nr="57" mi="1" ci="0" mb="0" cb="0" />
      <line nr="58" mi="1" ci="0" mb="0" cb="0" />
      <line nr="59" mi="1" ci="0" mb="0" cb="0" />
      <line nr="60" mi="1" ci="0" mb="0" cb="0" />
      <line nr="61" mi="1" ci="0" mb="0" cb="0" />
      <line nr="64" mi="2" ci="0" mb="0" cb="0" />
      <line nr="66" mi="1" ci="0" mb="0" cb="0" />
      <line nr="67" mi="1" ci="0" mb="0" cb="0" />
      <line nr="68" mi="1" ci="0" mb="0" cb="0" />
      <line nr="70" mi="1" ci="0" mb="0" cb="0" />
      <line nr="75" mi="1" ci="0" mb="0" cb="0" />
      <line nr="81" mi="1" ci="0" mb="0" cb="0" />
      <line nr="83" mi="1" ci="0" mb="0" cb="0" />
      <line nr="84" mi="1" ci="0" mb="0" cb="0" />
      <line nr="89" mi="1" ci="0" mb="0" cb="0" />
      <line nr="91" mi="1" ci="0" mb="0" cb="0" />
      <line nr="92" mi="1" ci="0" mb="0" cb="0" />
      <line nr="93" mi="3" ci="0" mb="0" cb="0" />
      <line nr="94" mi="1" ci="0" mb="0" cb="0" />
      <line nr="97" mi="1" ci="0" mb="0" cb="0" />
      <line nr="100" mi="1" ci="0" mb="0" cb="0" />
      <line nr="101" mi="1" ci="0" mb="0" cb="0" />
      <line nr="104" mi="5" ci="0" mb="0" cb="0" />
      <line nr="107" mi="1" ci="0" mb="0" cb="0" />
      <line nr="108" mi="1" ci="0" mb="0" cb="0" />
      <line nr="109" mi="1" ci="0" mb="0" cb="0" />
      <counter type="INSTRUCTION" missed="54" covered="0" />
      <counter type="LINE" missed="46" covered="0" />
      <counter type="METHOD" missed="4" covered="0" />
      <counter type="CLASS" missed="1" covered="0" />
    </sourcefile>
    <sourcefile name="Scripts/Posh-ACME-IIS-Plugin.ps1">
      <line nr="21" mi="2" ci="0" mb="0" cb="0" />
      <line nr="22" mi="2" ci="0" mb="0" cb="0" />
      <line nr="23" mi="2" ci="0" mb="0" cb="0" />
      <line nr="25" mi="1" ci="0" mb="0" cb="0" />
      <line nr="26" mi="1" ci="0" mb="0" cb="0" />
      <line nr="31" mi="1" ci="0" mb="0" cb="0" />
      <line nr="32" mi="1" ci="0" mb="0" cb="0" />
      <line nr="34" mi="1" ci="0" mb="0" cb="0" />
      <line nr="40" mi="1" ci="0" mb="0" cb="0" />
      <line nr="41" mi="1" ci="0" mb="0" cb="0" />
      <line nr="42" mi="1" ci="0" mb="0" cb="0" />
      <line nr="46" mi="1" ci="0" mb="0" cb="0" />
      <line nr="48" mi="1" ci="0" mb="0" cb="0" />
      <line nr="49" mi="1" ci="0" mb="0" cb="0" />
      <line nr="53" mi="2" ci="0" mb="0" cb="0" />
      <line nr="55" mi="1" ci="0" mb="0" cb="0" />
      <line nr="56" mi="1" ci="0" mb="0" cb="0" />
      <line nr="58" mi="1" ci="0" mb="0" cb="0" />
      <line nr="64" mi="2" ci="0" mb="0" cb="0" />
      <line nr="65" mi="2" ci="0" mb="0" cb="0" />
      <line nr="67" mi="1" ci="0" mb="0" cb="0" />
      <line nr="68" mi="1" ci="0" mb="0" cb="0" />
      <line nr="70" mi="1" ci="0" mb="0" cb="0" />
      <line nr="73" mi="1" ci="0" mb="0" cb="0" />
      <line nr="74" mi="1" ci="0" mb="0" cb="0" />
      <line nr="76" mi="1" ci="0" mb="0" cb="0" />
      <line nr="77" mi="2" ci="0" mb="0" cb="0" />
      <line nr="78" mi="1" ci="0" mb="0" cb="0" />
      <line nr="79" mi="1" ci="0" mb="0" cb="0" />
      <line nr="81" mi="1" ci="0" mb="0" cb="0" />
      <line nr="82" mi="1" ci="0" mb="0" cb="0" />
      <counter type="INSTRUCTION" missed="38" covered="0" />
      <counter type="LINE" missed="31" covered="0" />
      <counter type="METHOD" missed="2" covered="0" />
      <counter type="CLASS" missed="1" covered="0" />
    </sourcefile>
    <counter type="INSTRUCTION" missed="92" covered="0" />
    <counter type="LINE" missed="77" covered="0" />
    <counter type="METHOD" missed="6" covered="0" />
    <counter type="CLASS" missed="2" covered="0" />
  </package>
  <counter type="INSTRUCTION" missed="132" covered="0" />
  <counter type="LINE" missed="114" covered="0" />
  <counter type="METHOD" missed="7" covered="0" />
  <counter type="CLASS" missed="3" covered="0" />
</report>
