<?xml version="1.0" encoding="utf-8" standalone="no"?>
<test-results xmlns:xsi="http://www.w3.org/2001/XMLSchema-instance" xsi:noNamespaceSchemaLocation="nunit_schema_2.5.xsd" name="Pester" total="39" errors="0" failures="39" not-run="0" inconclusive="0" ignored="0" skipped="0" invalid="0" date="2026-05-19" time="05:18:52">
  <environment cwd="/home/runner/work/TU-ACME/TU-ACME" platform="Linux" nunit-version="2.5.8.0" clr-version="8.0.25" os-version="6.17.0-1010-azure" machine-name="runnervmeorf1" user="runner" user-domain="" />
  <culture-info current-culture="" current-uiculture="" />
  <test-suite type="TestFixture" name="Pester" executed="True" result="Failure" success="False" time="4.4308" asserts="0" description="Pester">
    <results>
      <test-suite type="TestFixture" name="/home/runner/work/TU-ACME/TU-ACME/tests/Unit/Module/TU-ACME.Module.Tests.ps1" executed="True" result="Failure" success="False" time="3.1451" asserts="0" description="/home/runner/work/TU-ACME/TU-ACME/tests/Unit/Module/TU-ACME.Module.Tests.ps1">
        <results>
          <test-suite type="TestFixture" name="TU-ACME Module Contract" executed="True" result="Failure" success="False" time="2.8552" asserts="0" description="TU-ACME Module Contract">
            <results>
              <test-suite type="TestFixture" name="TU-ACME Module Contract.Manifest (TU-ACME.psd1)" executed="True" result="Failure" success="False" time="0" asserts="0" description="TU-ACME Module Contract.Manifest (TU-ACME.psd1)">
                <results>
                  <test-case description="passes Test-ModuleManifest" name="TU-ACME Module Contract.Manifest (TU-ACME.psd1).passes Test-ModuleManifest" time="0" asserts="0" success="False" result="Failure" executed="True">
                    <failure>
                      <message>This test should run but it did not. Most likely a setup in some parent block failed.</message>
                      <stack-trace />
                    </failure>
                  </test-case>
                  <test-case description="exports exactly Start-TUACME" name="TU-ACME Module Contract.Manifest (TU-ACME.psd1).exports exactly Start-TUACME" time="0" asserts="0" success="False" result="Failure" executed="True">
                    <failure>
                      <message>This test should run but it did not. Most likely a setup in some parent block failed.</message>
                      <stack-trace />
                    </failure>
                  </test-case>
                  <test-case description="declares PowerShellVersion 5.1" name="TU-ACME Module Contract.Manifest (TU-ACME.psd1).declares PowerShellVersion 5.1" time="0" asserts="0" success="False" result="Failure" executed="True">
                    <failure>
                      <message>This test should run but it did not. Most likely a setup in some parent block failed.</message>
                      <stack-trace />
                    </failure>
                  </test-case>
                  <test-case description="has a non-empty GUID" name="TU-ACME Module Contract.Manifest (TU-ACME.psd1).has a non-empty GUID" time="0" asserts="0" success="False" result="Failure" executed="True">
                    <failure>
                      <message>This test should run but it did not. Most likely a setup in some parent block failed.</message>
                      <stack-trace />
                    </failure>
                  </test-case>
                  <test-case description="has ModuleVersion" name="TU-ACME Module Contract.Manifest (TU-ACME.psd1).has ModuleVersion" time="0" asserts="0" success="False" result="Failure" executed="True">
                    <failure>
                      <message>This test should run but it did not. Most likely a setup in some parent block failed.</message>
                      <stack-trace />
                    </failure>
                  </test-case>
                </results>
              </test-suite>
              <test-suite type="TestFixture" name="TU-ACME Module Contract.Module loading (TU-ACME.psm1)" executed="True" result="Failure" success="False" time="0" asserts="0" description="TU-ACME Module Contract.Module loading (TU-ACME.psm1)">
                <results>
                  <test-case description="imports without error" name="TU-ACME Module Contract.Module loading (TU-ACME.psm1).imports without error" time="0" asserts="0" success="False" result="Failure" executed="True">
                    <failure>
                      <message>This test should run but it did not. Most likely a setup in some parent block failed.</message>
                      <stack-trace />
                    </failure>
                  </test-case>
                  <test-case description="exports Start-TUACME as a function" name="TU-ACME Module Contract.Module loading (TU-ACME.psm1).exports Start-TUACME as a function" time="0" asserts="0" success="False" result="Failure" executed="True">
                    <failure>
                      <message>This test should run but it did not. Most likely a setup in some parent block failed.</message>
                      <stack-trace />
                    </failure>
                  </test-case>
                  <test-case description="does not export private helpers" name="TU-ACME Module Contract.Module loading (TU-ACME.psm1).does not export private helpers" time="0" asserts="0" success="False" result="Failure" executed="True">
                    <failure>
                      <message>This test should run but it did not. Most likely a setup in some parent block failed.</message>
                      <stack-trace />
                    </failure>
                  </test-case>
                  <test-case description="loads all Private helper functions into module scope" name="TU-ACME Module Contract.Module loading (TU-ACME.psm1).loads all Private helper functions into module scope" time="0" asserts="0" success="False" result="Failure" executed="True">
                    <failure>
                      <message>This test should run but it did not. Most likely a setup in some parent block failed.</message>
                      <stack-trace />
                    </failure>
                  </test-case>
                </results>
              </test-suite>
            </results>
          </test-suite>
        </results>
      </test-suite>
      <test-suite type="TestFixture" name="/home/runner/work/TU-ACME/TU-ACME/tests/Scripts/Invoke-RenewalBackground.Tests.ps1" executed="True" result="Failure" success="False" time="0.1253" asserts="0" description="/home/runner/work/TU-ACME/TU-ACME/tests/Scripts/Invoke-RenewalBackground.Tests.ps1">
        <results>
          <test-suite type="TestFixture" name="Invoke-RenewalBackground.ps1" executed="True" result="Failure" success="False" time="0.0781" asserts="0" description="Invoke-RenewalBackground.ps1">
            <results>
              <test-suite type="TestFixture" name="Invoke-RenewalBackground.ps1.Script file exists and is valid PowerShell" executed="True" result="Failure" success="False" time="0" asserts="0" description="Invoke-RenewalBackground.ps1.Script file exists and is valid PowerShell">
                <results>
                  <test-case description="script file is present" name="Invoke-RenewalBackground.ps1.Script file exists and is valid PowerShell.script file is present" time="0" asserts="0" success="False" result="Failure" executed="True">
                    <failure>
                      <message>This test should run but it did not. Most likely a setup in some parent block failed.</message>
                      <stack-trace />
                    </failure>
                  </test-case>
                  <test-case description="parses without syntax errors" name="Invoke-RenewalBackground.ps1.Script file exists and is valid PowerShell.parses without syntax errors" time="0" asserts="0" success="False" result="Failure" executed="True">
                    <failure>
                      <message>This test should run but it did not. Most likely a setup in some parent block failed.</message>
                      <stack-trace />
                    </failure>
                  </test-case>
                </results>
              </test-suite>
              <test-suite type="TestFixture" name="Invoke-RenewalBackground.ps1.Posh-ACME not available — logs error and exits" executed="True" result="Failure" success="False" time="0" asserts="0" description="Invoke-RenewalBackground.ps1.Posh-ACME not available — logs error and exits">
                <results>
                  <test-case description="script is structured to handle missing module" name="Invoke-RenewalBackground.ps1.Posh-ACME not available — logs error and exits.script is structured to handle missing module" time="0" asserts="0" success="False" result="Failure" executed="True">
                    <failure>
                      <message>This test should run but it did not. Most likely a setup in some parent block failed.</message>
                      <stack-trace />
                    </failure>
                  </test-case>
                </results>
              </test-suite>
              <test-suite type="TestFixture" name="Invoke-RenewalBackground.ps1.Script structure — UC-5.4 compliance" executed="True" result="Failure" success="False" time="0" asserts="0" description="Invoke-RenewalBackground.ps1.Script structure — UC-5.4 compliance">
                <results>
                  <test-case description="contains Submit-Renewal call" name="Invoke-RenewalBackground.ps1.Script structure — UC-5.4 compliance.contains Submit-Renewal call" time="0" asserts="0" success="False" result="Failure" executed="True">
                    <failure>
                      <message>This test should run but it did not. Most likely a setup in some parent block failed.</message>
                      <stack-trace />
                    </failure>
                  </test-case>
                  <test-case description="contains Write-EventLog or Write-IISLog for success (EventId 1001)" name="Invoke-RenewalBackground.ps1.Script structure — UC-5.4 compliance.contains Write-EventLog or Write-IISLog for success (EventId 1001)" time="0" asserts="0" success="False" result="Failure" executed="True">
                    <failure>
                      <message>This test should run but it did not. Most likely a setup in some parent block failed.</message>
                      <stack-trace />
                    </failure>
                  </test-case>
                  <test-case description="contains error handling for EventId 3001" name="Invoke-RenewalBackground.ps1.Script structure — UC-5.4 compliance.contains error handling for EventId 3001" time="0" asserts="0" success="False" result="Failure" executed="True">
                    <failure>
                      <message>This test should run but it did not. Most likely a setup in some parent block failed.</message>
                      <stack-trace />
                    </failure>
                  </test-case>
                  <test-case description="contains Send-ErrorMail or equivalent notification" name="Invoke-RenewalBackground.ps1.Script structure — UC-5.4 compliance.contains Send-ErrorMail or equivalent notification" time="0" asserts="0" success="False" result="Failure" executed="True">
                    <failure>
                      <message>This test should run but it did not. Most likely a setup in some parent block failed.</message>
                      <stack-trace />
                    </failure>
                  </test-case>
                  <test-case description="uses -NonInteractive compatible patterns (no Read-Host)" name="Invoke-RenewalBackground.ps1.Script structure — UC-5.4 compliance.uses -NonInteractive compatible patterns (no Read-Host)" time="0" asserts="0" success="False" result="Failure" executed="True">
                    <failure>
                      <message>This test should run but it did not. Most likely a setup in some parent block failed.</message>
                      <stack-trace />
                    </failure>
                  </test-case>
                  <test-case description="imports Posh-ACME module" name="Invoke-RenewalBackground.ps1.Script structure — UC-5.4 compliance.imports Posh-ACME module" time="0" asserts="0" success="False" result="Failure" executed="True">
                    <failure>
                      <message>This test should run but it did not. Most likely a setup in some parent block failed.</message>
                      <stack-trace />
                    </failure>
                  </test-case>
                </results>
              </test-suite>
              <test-suite type="TestFixture" name="Invoke-RenewalBackground.ps1.Write-Log function in script" executed="True" result="Failure" success="False" time="0" asserts="0" description="Invoke-RenewalBackground.ps1.Write-Log function in script">
                <results>
                  <test-case description="defines a Write-Log helper" name="Invoke-RenewalBackground.ps1.Write-Log function in script.defines a Write-Log helper" time="0" asserts="0" success="False" result="Failure" executed="True">
                    <failure>
                      <message>This test should run but it did not. Most likely a setup in some parent block failed.</message>
                      <stack-trace />
                    </failure>
                  </test-case>
                  <test-case description="Write-Log swallows exceptions (try/catch)" name="Invoke-RenewalBackground.ps1.Write-Log function in script.Write-Log swallows exceptions (try/catch)" time="0" asserts="0" success="False" result="Failure" executed="True">
                    <failure>
                      <message>This test should run but it did not. Most likely a setup in some parent block failed.</message>
                      <stack-trace />
                    </failure>
                  </test-case>
                </results>
              </test-suite>
              <test-suite type="TestFixture" name="Invoke-RenewalBackground.ps1.Send-ErrorMail function in script" executed="True" result="Failure" success="False" time="0" asserts="0" description="Invoke-RenewalBackground.ps1.Send-ErrorMail function in script">
                <results>
                  <test-case description="defines Send-ErrorMail" name="Invoke-RenewalBackground.ps1.Send-ErrorMail function in script.defines Send-ErrorMail" time="0" asserts="0" success="False" result="Failure" executed="True">
                    <failure>
                      <message>This test should run but it did not. Most likely a setup in some parent block failed.</message>
                      <stack-trace />
                    </failure>
                  </test-case>
                  <test-case description="loads SMTP config from config.json" name="Invoke-RenewalBackground.ps1.Send-ErrorMail function in script.loads SMTP config from config.json" time="0" asserts="0" success="False" result="Failure" executed="True">
                    <failure>
                      <message>This test should run but it did not. Most likely a setup in some parent block failed.</message>
                      <stack-trace />
                    </failure>
                  </test-case>
                  <test-case description="loads credentials from smtp-credentials.xml" name="Invoke-RenewalBackground.ps1.Send-ErrorMail function in script.loads credentials from smtp-credentials.xml" time="0" asserts="0" success="False" result="Failure" executed="True">
                    <failure>
                      <message>This test should run but it did not. Most likely a setup in some parent block failed.</message>
                      <stack-trace />
                    </failure>
                  </test-case>
                </results>
              </test-suite>
              <test-suite type="TestFixture" name="Invoke-RenewalBackground.ps1.Exit codes" executed="True" result="Failure" success="False" time="0" asserts="0" description="Invoke-RenewalBackground.ps1.Exit codes">
                <results>
                  <test-case description="script contains exit 1 for failure paths" name="Invoke-RenewalBackground.ps1.Exit codes.script contains exit 1 for failure paths" time="0" asserts="0" success="False" result="Failure" executed="True">
                    <failure>
                      <message>This test should run but it did not. Most likely a setup in some parent block failed.</message>
                      <stack-trace />
                    </failure>
                  </test-case>
                </results>
              </test-suite>
            </results>
          </test-suite>
        </results>
      </test-suite>
      <test-suite type="TestFixture" name="/home/runner/work/TU-ACME/TU-ACME/tests/Scripts/Posh-ACME-IIS-Plugin.Tests.ps1" executed="True" result="Failure" success="False" time="0.1337" asserts="0" description="/home/runner/work/TU-ACME/TU-ACME/tests/Scripts/Posh-ACME-IIS-Plugin.Tests.ps1">
        <results>
          <test-suite type="TestFixture" name="Posh-ACME-IIS-Plugin.ps1" executed="True" result="Failure" success="False" time="0.0974" asserts="0" description="Posh-ACME-IIS-Plugin.ps1">
            <results>
              <test-suite type="TestFixture" name="Posh-ACME-IIS-Plugin.ps1.Script file is valid" executed="True" result="Failure" success="False" time="0" asserts="0" description="Posh-ACME-IIS-Plugin.ps1.Script file is valid">
                <results>
                  <test-case description="script file is present" name="Posh-ACME-IIS-Plugin.ps1.Script file is valid.script file is present" time="0" asserts="0" success="False" result="Failure" executed="True">
                    <failure>
                      <message>This test should run but it did not. Most likely a setup in some parent block failed.</message>
                      <stack-trace />
                    </failure>
                  </test-case>
                  <test-case description="parses without syntax errors" name="Posh-ACME-IIS-Plugin.ps1.Script file is valid.parses without syntax errors" time="0" asserts="0" success="False" result="Failure" executed="True">
                    <failure>
                      <message>This test should run but it did not. Most likely a setup in some parent block failed.</message>
                      <stack-trace />
                    </failure>
                  </test-case>
                </results>
              </test-suite>
              <test-suite type="TestFixture" name="Posh-ACME-IIS-Plugin.ps1.Script structure — UC-8.4 compliance" executed="True" result="Failure" success="False" time="0" asserts="0" description="Posh-ACME-IIS-Plugin.ps1.Script structure — UC-8.4 compliance">
                <results>
                  <test-case description="accepts OldThumbprint parameter" name="Posh-ACME-IIS-Plugin.ps1.Script structure — UC-8.4 compliance.accepts OldThumbprint parameter" time="0" asserts="0" success="False" result="Failure" executed="True">
                    <failure>
                      <message>This test should run but it did not. Most likely a setup in some parent block failed.</message>
                      <stack-trace />
                    </failure>
                  </test-case>
                  <test-case description="accepts CertFile parameter" name="Posh-ACME-IIS-Plugin.ps1.Script structure — UC-8.4 compliance.accepts CertFile parameter" time="0" asserts="0" success="False" result="Failure" executed="True">
                    <failure>
                      <message>This test should run but it did not. Most likely a setup in some parent block failed.</message>
                      <stack-trace />
                    </failure>
                  </test-case>
                  <test-case description="accepts Thumbprint parameter" name="Posh-ACME-IIS-Plugin.ps1.Script structure — UC-8.4 compliance.accepts Thumbprint parameter" time="0" asserts="0" success="False" result="Failure" executed="True">
                    <failure>
                      <message>This test should run but it did not. Most likely a setup in some parent block failed.</message>
                      <stack-trace />
                    </failure>
                  </test-case>
                  <test-case description="falls back to environment variables" name="Posh-ACME-IIS-Plugin.ps1.Script structure — UC-8.4 compliance.falls back to environment variables" time="0" asserts="0" success="False" result="Failure" executed="True">
                    <failure>
                      <message>This test should run but it did not. Most likely a setup in some parent block failed.</message>
                      <stack-trace />
                    </failure>
                  </test-case>
                  <test-case description="imports WebAdministration" name="Posh-ACME-IIS-Plugin.ps1.Script structure — UC-8.4 compliance.imports WebAdministration" time="0" asserts="0" success="False" result="Failure" executed="True">
                    <failure>
                      <message>This test should run but it did not. Most likely a setup in some parent block failed.</message>
                      <stack-trace />
                    </failure>
                  </test-case>
                  <test-case description="calls Get-WebBinding to find matching bindings" name="Posh-ACME-IIS-Plugin.ps1.Script structure — UC-8.4 compliance.calls Get-WebBinding to find matching bindings" time="0" asserts="0" success="False" result="Failure" executed="True">
                    <failure>
                      <message>This test should run but it did not. Most likely a setup in some parent block failed.</message>
                      <stack-trace />
                    </failure>
                  </test-case>
                  <test-case description="calls Set-WebBinding to update thumbprint" name="Posh-ACME-IIS-Plugin.ps1.Script structure — UC-8.4 compliance.calls Set-WebBinding to update thumbprint" time="0" asserts="0" success="False" result="Failure" executed="True">
                    <failure>
                      <message>This test should run but it did not. Most likely a setup in some parent block failed.</message>
                      <stack-trace />
                    </failure>
                  </test-case>
                  <test-case description="logs EventId 1002 on success" name="Posh-ACME-IIS-Plugin.ps1.Script structure — UC-8.4 compliance.logs EventId 1002 on success" time="0" asserts="0" success="False" result="Failure" executed="True">
                    <failure>
                      <message>This test should run but it did not. Most likely a setup in some parent block failed.</message>
                      <stack-trace />
                    </failure>
                  </test-case>
                  <test-case description="logs EventId 3002 on failure" name="Posh-ACME-IIS-Plugin.ps1.Script structure — UC-8.4 compliance.logs EventId 3002 on failure" time="0" asserts="0" success="False" result="Failure" executed="True">
                    <failure>
                      <message>This test should run but it did not. Most likely a setup in some parent block failed.</message>
                      <stack-trace />
                    </failure>
                  </test-case>
                  <test-case description="short-circuits when OldThumbprint is missing" name="Posh-ACME-IIS-Plugin.ps1.Script structure — UC-8.4 compliance.short-circuits when OldThumbprint is missing" time="0" asserts="0" success="False" result="Failure" executed="True">
                    <failure>
                      <message>This test should run but it did not. Most likely a setup in some parent block failed.</message>
                      <stack-trace />
                    </failure>
                  </test-case>
                  <test-case description="continues remaining bindings on single failure (no global exit on error)" name="Posh-ACME-IIS-Plugin.ps1.Script structure — UC-8.4 compliance.continues remaining bindings on single failure (no global exit on error)" time="0" asserts="0" success="False" result="Failure" executed="True">
                    <failure>
                      <message>This test should run but it did not. Most likely a setup in some parent block failed.</message>
                      <stack-trace />
                    </failure>
                  </test-case>
                  <test-case description="calls Import-PfxCertificate when CertFile provided" name="Posh-ACME-IIS-Plugin.ps1.Script structure — UC-8.4 compliance.calls Import-PfxCertificate when CertFile provided" time="0" asserts="0" success="False" result="Failure" executed="True">
                    <failure>
                      <message>This test should run but it did not. Most likely a setup in some parent block failed.</message>
                      <stack-trace />
                    </failure>
                  </test-case>
                </results>
              </test-suite>
              <test-suite type="TestFixture" name="Posh-ACME-IIS-Plugin.ps1.Exit code on WebAdministration failure" executed="True" result="Failure" success="False" time="0" asserts="0" description="Posh-ACME-IIS-Plugin.ps1.Exit code on WebAdministration failure">
                <results>
                  <test-case description="script exits 1 when WebAdministration missing" name="Posh-ACME-IIS-Plugin.ps1.Exit code on WebAdministration failure.script exits 1 when WebAdministration missing" time="0" asserts="0" success="False" result="Failure" executed="True">
                    <failure>
                      <message>This test should run but it did not. Most likely a setup in some parent block failed.</message>
                      <stack-trace />
                    </failure>
                  </test-case>
                </results>
              </test-suite>
            </results>
          </test-suite>
        </results>
      </test-suite>
    </results>
  </test-suite>
</test-results>