<?xml version="1.0" encoding="utf-8" standalone="no"?>
<test-results xmlns:xsi="http://www.w3.org/2001/XMLSchema-instance" xsi:noNamespaceSchemaLocation="nunit_schema_2.5.xsd" name="Pester" total="5" errors="0" failures="0" not-run="159" inconclusive="0" ignored="0" skipped="0" invalid="0" date="2026-05-19" time="12:48:52">
  <environment os-version="6.17.0-1010-azure" machine-name="runnervmeorf1" cwd="/home/runner/work/TU-ACME/TU-ACME" clr-version="8.0.25" user-domain="" platform="Linux" user="runner" nunit-version="2.5.8.0" />
  <culture-info current-culture="" current-uiculture="" />
  <test-suite type="TestFixture" name="Pester" executed="True" result="Success" success="True" time="2.0211" asserts="0" description="Pester">
    <results>
      <test-suite type="TestFixture" name="/home/runner/work/TU-ACME/TU-ACME/tests/Integration/Config.Integration.Tests.ps1" executed="True" result="Success" success="True" time="1.3992" asserts="0" description="/home/runner/work/TU-ACME/TU-ACME/tests/Integration/Config.Integration.Tests.ps1">
        <results>
          <test-suite type="TestFixture" name="Config roundtrip (real filesystem)" executed="True" result="Success" success="True" time="0.6387" asserts="0" description="Config roundtrip (real filesystem)">
            <results>
              <test-case description="Get-TUACMEConfig returns defaults when file absent" name="Config roundtrip (real filesystem).Get-TUACMEConfig returns defaults when file absent" time="0.3013" asserts="0" success="True" result="Success" executed="True" />
              <test-case description="Set-TUACMEConfig + Get-TUACMEConfig roundtrip preserves values" name="Config roundtrip (real filesystem).Set-TUACMEConfig + Get-TUACMEConfig roundtrip preserves values" time="0.0477" asserts="0" success="True" result="Success" executed="True" />
              <test-case description="SMTP credential XML roundtrip preserves username" name="Config roundtrip (real filesystem).SMTP credential XML roundtrip preserves username" time="0.2482" asserts="0" success="True" result="Success" executed="True" />
            </results>
          </test-suite>
          <test-suite type="TestFixture" name="Module import/export integration" executed="True" result="Success" success="True" time="0.988" asserts="0" description="Module import/export integration">
            <results>
              <test-case description="Start-TUACME is callable after import" name="Module import/export integration.Start-TUACME is callable after import" time="0.0382" asserts="0" success="True" result="Success" executed="True" />
              <test-case description="Private functions are NOT available in caller scope" name="Module import/export integration.Private functions are NOT available in caller scope" time="0.28" asserts="0" success="True" result="Success" executed="True" />
            </results>
          </test-suite>
        </results>
      </test-suite>
    </results>
  </test-suite>
</test-results>